2025-10-10 13:25:04,515 - ARIS - INFO - Starting ARIS...
2025-10-10 13:25:04,518 - ARIS - INFO - Loaded configuration for user: Robin
2025-10-10 13:25:04,519 - ARIS - INFO - Initializing core modules...
2025-10-10 13:25:05,008 - comtypes.client._code_cache - INFO - Could not import comtypes.gen, trying to create it.
2025-10-10 13:25:05,009 - comtypes.client._code_cache - INFO - Created comtypes.gen directory: 'C:\Users\ROBIN\OneDrive\Desktop\PROJECT -ARIS\venv\Lib\site-packages\comtypes\gen'
2025-10-10 13:25:05,009 - comtypes.client._code_cache - INFO - Writing __init__.py file: 'C:\Users\ROBIN\OneDrive\Desktop\PROJECT -ARIS\venv\Lib\site-packages\comtypes\gen\__init__.py'
2025-10-10 13:25:05,034 - comtypes.client._code_cache - INFO - Using writeable comtypes cache directory: 'C:\Users\ROBIN\OneDrive\Desktop\PROJECT -ARIS\venv\Lib\site-packages\comtypes\gen'
2025-10-10 13:25:05,078 - comtypes.client._generate - INFO - Could not import comtypes.gen._C866CA3A_32F7_11D2_9602_00C04F8EE628_0_5_4: No module named 'comtypes.gen._C866CA3A_32F7_11D2_9602_00C04F8EE628_0_5_4'
2025-10-10 13:25:05,088 - comtypes.client._generate - INFO - # Generating comtypes.gen._C866CA3A_32F7_11D2_9602_00C04F8EE628_0_5_4
2025-10-10 13:25:05,273 - comtypes.client._generate - INFO - # Generating comtypes.gen.SpeechLib
2025-10-10 13:25:05,290 - comtypes.client._generate - INFO - Could not import comtypes.gen._00020430_0000_0000_C000_000000000046_0_2_0: No module named 'comtypes.gen._00020430_0000_0000_C000_000000000046_0_2_0'
2025-10-10 13:25:05,292 - comtypes.client._generate - INFO - # Generating comtypes.gen._00020430_0000_0000_C000_000000000046_0_2_0
2025-10-10 13:25:05,312 - comtypes.client._generate - INFO - # Generating comtypes.gen.stdole
2025-10-10 13:25:06,659 - ARIS - INFO - Initializing Orion Engine...
2025-10-10 13:25:06,661 - ARIS - INFO - Startup message: Hello Robin, ARIS online. How can I assist you today?
2025-10-10 13:25:12,198 - ARIS - INFO - Entering main interaction loop...
2025-10-10 13:25:12,199 - ARIS - INFO - Listening for wake word...
2025-10-10 13:25:41,209 - ARIS - INFO - Listening for wake word...
2025-10-10 13:25:48,044 - ARIS - INFO - Listening for wake word...
2025-10-10 13:25:55,499 - ARIS - INFO - Listening for wake word...
2025-10-10 13:26:00,131 - ARIS - INFO - Listening for wake word...
2025-10-10 13:26:04,861 - ARIS - INFO - Listening for wake word...
2025-10-10 13:26:11,163 - ARIS - INFO - Keyboard interrupt received, shutting down...
2025-10-10 13:26:11,627 - ARIS - INFO - ARIS shutting down...
2025-10-10 13:28:07,325 - ARIS - INFO - Starting ARIS...
2025-10-10 13:28:07,328 - ARIS - INFO - Loaded configuration for user: Robin
2025-10-10 13:28:07,329 - ARIS - INFO - Initializing core modules...
2025-10-10 13:28:07,852 - comtypes.client._code_cache - INFO - Imported existing <module 'comtypes.gen' from 'C:\\Users\\ROBIN\\OneDrive\\Desktop\\PROJECT -ARIS\\venv\\Lib\\site-packages\\comtypes\\gen\\__init__.py'>
2025-10-10 13:28:07,853 - comtypes.client._code_cache - INFO - Using writeable comtypes cache directory: 'C:\Users\ROBIN\OneDrive\Desktop\PROJECT -ARIS\venv\Lib\site-packages\comtypes\gen'
2025-10-10 13:28:08,119 - ARIS - INFO - Initializing Orion Engine...
2025-10-10 13:28:08,120 - ARIS - INFO - Startup message: Hello Robin, ARIS online. How can I assist you today?
2025-10-10 13:28:14,145 - ARIS - INFO - Entering main interaction loop...
2025-10-10 13:28:14,146 - ARIS - INFO - Listening for wake word...
2025-10-10 13:28:19,941 - ARIS - INFO - Listening for wake word...
2025-10-10 13:28:33,030 - ARIS - INFO - Listening for wake word...
2025-10-10 13:28:42,586 - ARIS - INFO - Listening for wake word...
2025-10-10 13:28:52,558 - ARIS - INFO - Listening for wake word...
2025-10-10 13:29:03,701 - ARIS - INFO - Listening for wake word...
2025-10-10 13:29:14,242 - ARIS - INFO - Keyboard interrupt received, shutting down...
2025-10-10 13:29:14,670 - ARIS - INFO - ARIS shutting down...
2025-10-11 20:55:21,492 - ARIS - INFO - Starting ARIS...
2025-10-11 20:55:21,511 - ARIS - INFO - Loaded configuration for user: Robin
2025-10-11 20:55:21,512 - ARIS - INFO - Initializing core modules...
2025-10-11 20:55:22,447 - comtypes.client._code_cache - INFO - Imported existing <module 'comtypes.gen' from 'C:\\Users\\ROBIN\\OneDrive\\Desktop\\PROJECT -ARIS\\venv\\Lib\\site-packages\\comtypes\\gen\\__init__.py'>
2025-10-11 20:55:22,448 - comtypes.client._code_cache - INFO - Using writeable comtypes cache directory: 'C:\Users\ROBIN\OneDrive\Desktop\PROJECT -ARIS\venv\Lib\site-packages\comtypes\gen'
2025-10-11 20:55:22,662 - comtypes.client._generate - INFO - Could not import comtypes.gen._C866CA3A_32F7_11D2_9602_00C04F8EE628_0_5_4: Typelib different than module
2025-10-11 20:55:22,671 - comtypes.client._generate - INFO - # Generating comtypes.gen._C866CA3A_32F7_11D2_9602_00C04F8EE628_0_5_4
2025-10-11 20:55:22,870 - comtypes.client._generate - INFO - # Generating comtypes.gen.SpeechLib
2025-10-11 20:55:23,934 - ARIS - INFO - Initializing Orion Engine...
2025-10-11 20:55:23,936 - ARIS - INFO - Startup message: Hello Robin, ARIS online. How can I assist you today?
2025-10-11 20:55:29,608 - ARIS - INFO - Entering main interaction loop...
2025-10-11 20:55:29,609 - ARIS - INFO - Listening for wake word...
2025-10-11 20:55:33,976 - ARIS - INFO - Listening for wake word...
2025-10-11 20:55:40,153 - ARIS - INFO - Listening for wake word...
2025-10-11 20:55:44,761 - ARIS - INFO - Listening for wake word...
2025-10-11 20:55:53,773 - ARIS - INFO - Listening for wake word...
2025-10-11 20:56:02,171 - ARIS - INFO - Listening for wake word...
2025-10-11 20:56:07,802 - ARIS - INFO - Listening for wake word...
2025-10-11 20:56:14,253 - ARIS - INFO - Listening for wake word...
2025-10-11 20:56:22,090 - ARIS - INFO - Listening for wake word...
2025-10-11 20:56:30,637 - ARIS - INFO - Listening for wake word...
2025-10-11 20:56:35,100 - ARIS - INFO - Listening for wake word...
2025-10-11 20:56:40,673 - ARIS - INFO - Listening for wake word...
2025-10-11 20:56:48,046 - ARIS - INFO - Listening for wake word...
2025-10-11 20:56:57,057 - ARIS - INFO - Listening for wake word...
2025-10-11 20:57:02,724 - ARIS - INFO - Listening for wake word...
2025-10-11 20:57:08,689 - ARIS - INFO - Listening for wake word...
2025-10-11 20:57:13,290 - ARIS - INFO - Listening for wake word...
2025-10-11 20:57:16,388 - ARIS - INFO - Keyboard interrupt received, shutting down...
2025-10-11 20:57:16,516 - ARIS - INFO - ARIS shutting down...
2025-10-11 20:57:27,899 - ARIS - INFO - Starting ARIS...
2025-10-11 20:57:27,902 - ARIS - INFO - Loaded configuration for user: Robin
2025-10-11 20:57:27,903 - ARIS - INFO - Initializing core modules...
2025-10-11 20:57:28,242 - comtypes.client._code_cache - INFO - Imported existing <module 'comtypes.gen' from 'C:\\Users\\ROBIN\\OneDrive\\Desktop\\PROJECT -ARIS\\venv\\Lib\\site-packages\\comtypes\\gen\\__init__.py'>
2025-10-11 20:57:28,243 - comtypes.client._code_cache - INFO - Using writeable comtypes cache directory: 'C:\Users\ROBIN\OneDrive\Desktop\PROJECT -ARIS\venv\Lib\site-packages\comtypes\gen'
2025-10-11 20:57:28,509 - ARIS - INFO - Initializing Orion Engine...
2025-10-11 20:57:28,510 - ARIS - INFO - Startup message: Hello Robin, ARIS online. How can I assist you today?
2025-10-11 20:57:34,071 - ARIS - INFO - Entering main interaction loop...
2025-10-11 20:57:34,072 - ARIS - INFO - Listening for wake word...
2025-10-11 20:57:39,144 - ARIS - INFO - Listening for wake word...
2025-10-11 20:57:48,052 - ARIS - INFO - Listening for wake word...
2025-10-11 20:57:52,353 - ARIS - INFO - Listening for wake word...
2025-10-11 20:58:04,346 - ARIS - INFO - Listening for wake word...
2025-10-11 20:58:09,295 - ARIS - INFO - Listening for wake word...
2025-10-11 20:58:22,308 - ARIS - INFO - Listening for wake word...
2025-10-11 20:58:25,612 - ARIS - INFO - Listening for wake word...
2025-10-11 20:58:30,242 - ARIS - INFO - Listening for wake word...
2025-10-11 20:58:34,645 - ARIS - INFO - Listening for wake word...
2025-10-11 20:58:38,638 - ARIS - INFO - Listening for wake word...
2025-10-11 20:58:47,347 - ARIS - INFO - Listening for wake word...
2025-10-11 20:59:03,021 - ARIS - INFO - Keyboard interrupt received, shutting down...
2025-10-11 20:59:03,167 - ARIS - INFO - ARIS shutting down...
2025-10-11 21:00:33,638 - ARIS - INFO - Starting ARIS...
2025-10-11 21:00:33,641 - ARIS - INFO - Loaded configuration for user: Robin
2025-10-11 21:00:33,641 - ARIS - INFO - Initializing core modules...
2025-10-11 21:00:34,176 - comtypes.client._code_cache - INFO - Imported existing <module 'comtypes.gen' from 'C:\\Users\\ROBIN\\OneDrive\\Desktop\\PROJECT -ARIS\\venv\\Lib\\site-packages\\comtypes\\gen\\__init__.py'>
2025-10-11 21:00:34,177 - comtypes.client._code_cache - INFO - Using writeable comtypes cache directory: 'C:\Users\ROBIN\OneDrive\Desktop\PROJECT -ARIS\venv\Lib\site-packages\comtypes\gen'
2025-10-11 21:00:34,434 - ARIS - INFO - Initializing Orion Engine...
2025-10-11 21:00:34,436 - ARIS - INFO - Startup message: Hello Robin, ARIS online. How can I assist you today?
2025-10-11 21:00:39,969 - ARIS - INFO - Entering main interaction loop...
2025-10-11 21:00:39,969 - ARIS - INFO - Listening for wake word...
2025-10-11 21:00:49,149 - ARIS - INFO - Listening for wake word...
2025-10-11 21:00:55,856 - ARIS - INFO - Listening for wake word...
2025-10-11 21:01:09,141 - ARIS - INFO - Keyboard interrupt received, shutting down...
2025-10-11 21:01:09,271 - ARIS - INFO - ARIS shutting down...
2025-10-11 21:07:29,289 - ARIS - INFO - Starting ARIS...
2025-10-11 21:07:29,292 - ARIS - INFO - Loaded configuration for user: Robin
2025-10-11 21:07:29,292 - ARIS - INFO - Initializing core modules...
2025-10-11 21:07:29,608 - comtypes.client._code_cache - INFO - Imported existing <module 'comtypes.gen' from 'C:\\Users\\ROBIN\\OneDrive\\Desktop\\PROJECT -ARIS\\venv\\Lib\\site-packages\\comtypes\\gen\\__init__.py'>
2025-10-11 21:07:29,609 - comtypes.client._code_cache - INFO - Using writeable comtypes cache directory: 'C:\Users\ROBIN\OneDrive\Desktop\PROJECT -ARIS\venv\Lib\site-packages\comtypes\gen'
2025-10-11 21:07:29,875 - ARIS - INFO - Initializing Orion Engine...
2025-10-11 21:07:29,877 - ARIS - INFO - Startup message: Hello Robin, ARIS online. How can I assist you today?
2025-10-11 21:07:35,303 - ARIS - INFO - Entering main interaction loop...
2025-10-11 21:07:35,303 - ARIS - INFO - Listening for wake word...
2025-10-11 21:07:40,543 - ARIS - INFO - Listening for wake word...
2025-10-11 21:07:46,893 - ARIS - INFO - Listening for wake word...
2025-10-11 21:07:56,436 - ARIS - INFO - Keyboard interrupt received, shutting down...
2025-10-11 21:07:56,565 - ARIS - INFO - ARIS shutting down...
